<?xml version="1.0" encoding="UTF-8"?>
<testsuite xmlns:xsi="http://www.w3.org/2001/XMLSchema-instance" xsi:noNamespaceSchemaLocation="https://maven.apache.org/surefire/maven-surefire-plugin/xsd/surefire-test-report.xsd" name="TestRunner.TestRunnerLogin" time="30.192" tests="5" errors="0" skipped="0" failures="0">
  <properties>
[...]
</properties>
  <testcase name="Validate the Login Functionality with valid credentials" classname="Feature to check Login Functionality" time="11.353"/>
  <testcase name=" #1" classname="Feature to check Login Functionality" time="3.026"/>
  <testcase name=" #2" classname="Feature to check Login Functionality" time="4.086"/>
  <testcase name=" #3" classname="Feature to check Login Functionality" time="5.637"/>
  <testcase name=" #4" classname="Feature to check Login Functionality" time="3.055"/>
</testsuite>